0 info it worked if it ends with ok
1 verbose cli [ '/usr/bin/nodejs',
1 verbose cli   '/usr/bin/npm',
1 verbose cli   'install',
1 verbose cli   '-g',
1 verbose cli   'npm@latest' ]
2 info using npm@3.5.2
3 info using node@v4.2.6
4 silly loadCurrentTree Starting
5 silly install loadCurrentTree
6 silly install readGlobalPackageData
7 silly fetchPackageMetaData npm@latest
8 silly fetchNamedPackageData npm
9 silly mapToRegistry name npm
10 silly mapToRegistry using default registry
11 silly mapToRegistry registry https://registry.npmjs.org/
12 silly mapToRegistry uri https://registry.npmjs.org/npm
13 verbose request uri https://registry.npmjs.org/npm
14 verbose request no auth needed
15 info attempt registry request try #1 at 5:07:07 PM
16 verbose request id 86eedc469e44053d
17 verbose etag W/"59e10cc2-68b1aa"
18 verbose lastModified Fri, 13 Oct 2017 18:58:10 GMT
19 http request GET https://registry.npmjs.org/npm
20 http 304 https://registry.npmjs.org/npm
21 verbose headers { date: 'Tue, 21 Nov 2017 01:07:08 GMT',
21 verbose headers   via: '1.1 varnish',
21 verbose headers   'cache-control': 'max-age=300',
21 verbose headers   etag: 'W/"59e10cc2-68b1aa"',
21 verbose headers   age: '193',
21 verbose headers   connection: 'keep-alive',
21 verbose headers   'x-served-by': 'cache-sea1024-SEA',
21 verbose headers   'x-cache': 'HIT',
21 verbose headers   'x-cache-hits': '1',
21 verbose headers   'x-timer': 'S1511226428.184548,VS0,VE2',
21 verbose headers   vary: 'Accept-Encoding, Accept' }
22 silly get cb [ 304,
22 silly get   { date: 'Tue, 21 Nov 2017 01:07:08 GMT',
22 silly get     via: '1.1 varnish',
22 silly get     'cache-control': 'max-age=300',
22 silly get     etag: 'W/"59e10cc2-68b1aa"',
22 silly get     age: '193',
22 silly get     connection: 'keep-alive',
22 silly get     'x-served-by': 'cache-sea1024-SEA',
22 silly get     'x-cache': 'HIT',
22 silly get     'x-cache-hits': '1',
22 silly get     'x-timer': 'S1511226428.184548,VS0,VE2',
22 silly get     vary: 'Accept-Encoding, Accept' } ]
23 verbose etag https://registry.npmjs.org/npm from cache
24 verbose get saving npm to /home/blades/.npm/registry.npmjs.org/npm/.cache.json
25 silly install normalizeTree
26 silly loadCurrentTree Finishing
27 silly loadIdealTree Starting
28 silly install loadIdealTree
29 silly cloneCurrentTree Starting
30 silly install cloneCurrentTreeToIdealTree
31 silly cloneCurrentTree Finishing
32 silly loadShrinkwrap Starting
33 silly install loadShrinkwrap
34 silly loadShrinkwrap Finishing
35 silly loadAllDepsIntoIdealTree Starting
36 silly install loadAllDepsIntoIdealTree
37 silly resolveWithNewModule npm@5.5.1 checking installable status
38 silly cache add args [ 'npm@latest', null ]
39 verbose cache add spec npm@latest
40 silly cache add parsed spec Result {
40 silly cache add   raw: 'npm@latest',
40 silly cache add   scope: null,
40 silly cache add   name: 'npm',
40 silly cache add   rawSpec: 'latest',
40 silly cache add   spec: 'latest',
40 silly cache add   type: 'tag' }
41 silly addNamed npm@latest
42 verbose addNamed "latest" is being treated as a dist-tag for npm
43 info addNameTag [ 'npm', 'latest' ]
44 silly mapToRegistry name npm
45 silly mapToRegistry using default registry
46 silly mapToRegistry registry https://registry.npmjs.org/
47 silly mapToRegistry uri https://registry.npmjs.org/npm
48 verbose addNameTag registry:https://registry.npmjs.org/npm not in flight; fetching
49 verbose request uri https://registry.npmjs.org/npm
50 verbose request no auth needed
51 info attempt registry request try #1 at 5:07:08 PM
52 verbose etag W/"59e10cc2-68b1aa"
53 verbose lastModified Fri, 13 Oct 2017 18:58:10 GMT
54 http request GET https://registry.npmjs.org/npm
55 http 304 https://registry.npmjs.org/npm
56 verbose headers { date: 'Tue, 21 Nov 2017 01:07:08 GMT',
56 verbose headers   via: '1.1 varnish',
56 verbose headers   'cache-control': 'max-age=300',
56 verbose headers   etag: 'W/"59e10cc2-68b1aa"',
56 verbose headers   age: '194',
56 verbose headers   connection: 'keep-alive',
56 verbose headers   'x-served-by': 'cache-sea1036-SEA',
56 verbose headers   'x-cache': 'HIT',
56 verbose headers   'x-cache-hits': '2',
56 verbose headers   'x-timer': 'S1511226429.649062,VS0,VE0',
56 verbose headers   vary: 'Accept-Encoding, Accept' }
57 silly get cb [ 304,
57 silly get   { date: 'Tue, 21 Nov 2017 01:07:08 GMT',
57 silly get     via: '1.1 varnish',
57 silly get     'cache-control': 'max-age=300',
57 silly get     etag: 'W/"59e10cc2-68b1aa"',
57 silly get     age: '194',
57 silly get     connection: 'keep-alive',
57 silly get     'x-served-by': 'cache-sea1036-SEA',
57 silly get     'x-cache': 'HIT',
57 silly get     'x-cache-hits': '2',
57 silly get     'x-timer': 'S1511226429.649062,VS0,VE0',
57 silly get     vary: 'Accept-Encoding, Accept' } ]
58 verbose etag https://registry.npmjs.org/npm from cache
59 verbose get saving npm to /home/blades/.npm/registry.npmjs.org/npm/.cache.json
60 silly addNameTag next cb for npm with tag latest
61 silly addNamed npm@5.5.1
62 verbose addNamed "5.5.1" is a plain semver version for npm
63 silly cache afterAdd npm@5.5.1
64 verbose afterAdd /home/blades/.npm/npm/5.5.1/package/package.json not in flight; writing
65 silly rollbackFailedOptional Starting
66 silly rollbackFailedOptional Finishing
67 silly runTopLevelLifecycles Starting
68 silly runTopLevelLifecycles Finishing
69 silly install printInstalled
70 verbose stack Error: EACCES: permission denied, rename '/home/blades/.npm/npm/5.5.1/package/package.json.3146486793' -> '/home/blades/.npm/npm/5.5.1/package/package.json'
70 verbose stack     at Error (native)
71 verbose cwd /mnt/c/Users/v-rablad/Documents/Projects/styleguide
72 error Linux 4.4.0-43-Microsoft
73 error argv "/usr/bin/nodejs" "/usr/bin/npm" "install" "-g" "npm@latest"
74 error node v4.2.6
75 error npm  v3.5.2
76 error path /home/blades/.npm/npm/5.5.1/package/package.json.3146486793
77 error code EACCES
78 error errno -13
79 error syscall rename
80 error Error: EACCES: permission denied, rename '/home/blades/.npm/npm/5.5.1/package/package.json.3146486793' -> '/home/blades/.npm/npm/5.5.1/package/package.json'
80 error     at Error (native)
80 error  { [Error: EACCES: permission denied, rename '/home/blades/.npm/npm/5.5.1/package/package.json.3146486793' -> '/home/blades/.npm/npm/5.5.1/package/package.json']
80 error   errno: -13,
80 error   code: 'EACCES',
80 error   syscall: 'rename',
80 error   path: '/home/blades/.npm/npm/5.5.1/package/package.json.3146486793',
80 error   dest: '/home/blades/.npm/npm/5.5.1/package/package.json' }
81 error Please try running this command again as root/Administrator.
82 verbose exit [ -13, true ]
